CRITICAL - 2024-07-28 07:13:21 --> Invalid file: "account/profile.php"
in SYSTEMPATH\Exceptions\FrameworkException.php on line 39.
 1 SYSTEMPATH\View\View.php(216): CodeIgniter\Exceptions\FrameworkException::forInvalidFile('account/profile.php')
 2 SYSTEMPATH\Common.php(1190): CodeIgniter\View\View->render('account/profile', [], true)
 3 APPPATH\Controllers\Profile.php(18): view('account/profile', [...])
 4 SYSTEMPATH\CodeIgniter.php(942): App\Controllers\Profile->index()
 5 SYSTEMPATH\CodeIgniter.php(502): CodeIgniter\CodeIgniter->runController(Object(App\Controllers\Profile))
 6 SYSTEMPATH\CodeIgniter.php(361): CodeIgniter\CodeIgniter->handleRequest(null, Object(Config\Cache), false)
 7 FCPATH\index.php(79): CodeIgniter\CodeIgniter->run()
 8 SYSTEMPATH\Commands\Server\rewrite.php(47): require_once('C:\\laragon\\www\\ci-fajar-convert\\public\\index.php')
CRITICAL - 2024-07-28 07:19:29 --> Call to undefined function format_saldo()
in APPPATH\Views\profile\index.php on line 13.
 1 SYSTEMPATH\View\View.php(228): include()
 2 SYSTEMPATH\View\View.php(231): CodeIgniter\View\View->CodeIgniter\View\{closure}()
 3 SYSTEMPATH\Common.php(1190): CodeIgniter\View\View->render('profile/index', [], true)
 4 APPPATH\Controllers\Profile.php(42): view('profile/index', [...])
 5 SYSTEMPATH\CodeIgniter.php(942): App\Controllers\Profile->index()
 6 SYSTEMPATH\CodeIgniter.php(502): CodeIgniter\CodeIgniter->runController(Object(App\Controllers\Profile))
 7 SYSTEMPATH\CodeIgniter.php(361): CodeIgniter\CodeIgniter->handleRequest(null, Object(Config\Cache), false)
 8 FCPATH\index.php(79): CodeIgniter\CodeIgniter->run()
 9 SYSTEMPATH\Commands\Server\rewrite.php(47): require_once('C:\\laragon\\www\\ci-fajar-convert\\public\\index.php')
CRITICAL - 2024-07-28 08:30:12 --> Undefined variable $transaksi
in APPPATH\Views\profile\index.php on line 43.
 1 APPPATH\Views\profile\index.php(43): CodeIgniter\Debug\Exceptions->errorHandler(2, 'Undefined variable $transaksi', 'C:\\laragon\\www\\ci-fajar-convert\\app\\Views\\profile\\index.php', 43)
 2 SYSTEMPATH\View\View.php(228): include('C:\\laragon\\www\\ci-fajar-convert\\app\\Views\\profile\\index.php')
 3 SYSTEMPATH\View\View.php(231): CodeIgniter\View\View->CodeIgniter\View\{closure}()
 4 SYSTEMPATH\Common.php(1190): CodeIgniter\View\View->render('profile/index', [], true)
 5 APPPATH\Controllers\Profile.php(33): view('profile/index', [...])
 6 SYSTEMPATH\CodeIgniter.php(942): App\Controllers\Profile->index()
 7 SYSTEMPATH\CodeIgniter.php(502): CodeIgniter\CodeIgniter->runController(Object(App\Controllers\Profile))
 8 SYSTEMPATH\CodeIgniter.php(361): CodeIgniter\CodeIgniter->handleRequest(null, Object(Config\Cache), false)
 9 FCPATH\index.php(79): CodeIgniter\CodeIgniter->run()
10 SYSTEMPATH\Commands\Server\rewrite.php(47): require_once('C:\\laragon\\www\\ci-fajar-convert\\public\\index.php')
