CRITICAL - 2024-07-17 09:40:37 --> Invalid file: "dshboard/before.php"
in SYSTEMPATH\Exceptions\FrameworkException.php on line 39.
 1 SYSTEMPATH\View\View.php(216): CodeIgniter\Exceptions\FrameworkException::forInvalidFile('dshboard/before.php')
 2 SYSTEMPATH\Common.php(1190): CodeIgniter\View\View->render('dshboard/before', [], true)
 3 APPPATH\Controllers\Home.php(12): view('dshboard/before', [...])
 4 SYSTEMPATH\CodeIgniter.php(942): App\Controllers\Home->index()
 5 SYSTEMPATH\CodeIgniter.php(502): CodeIgniter\CodeIgniter->runController(Object(App\Controllers\Home))
 6 SYSTEMPATH\CodeIgniter.php(361): CodeIgniter\CodeIgniter->handleRequest(null, Object(Config\Cache), false)
 7 FCPATH\index.php(79): CodeIgniter\CodeIgniter->run()
 8 SYSTEMPATH\Commands\Server\rewrite.php(47): require_once('F:\\laragon\\www\\Template_MobileWeb_CI4\\public\\index.php')
CRITICAL - 2024-07-17 09:40:43 --> Invalid file: "dshboard/before.php"
in SYSTEMPATH\Exceptions\FrameworkException.php on line 39.
 1 SYSTEMPATH\View\View.php(216): CodeIgniter\Exceptions\FrameworkException::forInvalidFile('dshboard/before.php')
 2 SYSTEMPATH\Common.php(1190): CodeIgniter\View\View->render('dshboard/before', [], true)
 3 APPPATH\Controllers\Home.php(12): view('dshboard/before', [...])
 4 SYSTEMPATH\CodeIgniter.php(942): App\Controllers\Home->index()
 5 SYSTEMPATH\CodeIgniter.php(502): CodeIgniter\CodeIgniter->runController(Object(App\Controllers\Home))
 6 SYSTEMPATH\CodeIgniter.php(361): CodeIgniter\CodeIgniter->handleRequest(null, Object(Config\Cache), false)
 7 FCPATH\index.php(79): CodeIgniter\CodeIgniter->run()
 8 SYSTEMPATH\Commands\Server\rewrite.php(47): require_once('F:\\laragon\\www\\Template_MobileWeb_CI4\\public\\index.php')
