CRITICAL - 2024-01-14 03:15:49 --> Undefined variable $user
in APPPATH\Views\accounts\account.php on line 8.
 1 APPPATH\Views\accounts\account.php(8): CodeIgniter\Debug\Exceptions->errorHandler(2, 'Undefined variable $user', 'C:\\laragon\\www\\ci4templatewebmobile\\app\\Views\\accounts\\account.php', 8)
 2 SYSTEMPATH\View\View.php(228): include('C:\\laragon\\www\\ci4templatewebmobile\\app\\Views\\accounts\\account.php')
 3 SYSTEMPATH\View\View.php(231): CodeIgniter\View\View->CodeIgniter\View\{closure}()
 4 SYSTEMPATH\Common.php(1190): CodeIgniter\View\View->render('accounts/account', [], true)
 5 APPPATH\Controllers\Home.php(17): view('accounts/account')
 6 SYSTEMPATH\CodeIgniter.php(942): App\Controllers\Home->account()
 7 SYSTEMPATH\CodeIgniter.php(502): CodeIgniter\CodeIgniter->runController(Object(App\Controllers\Home))
 8 SYSTEMPATH\CodeIgniter.php(361): CodeIgniter\CodeIgniter->handleRequest(null, Object(Config\Cache), false)
 9 FCPATH\index.php(79): CodeIgniter\CodeIgniter->run()
10 SYSTEMPATH\Commands\Server\rewrite.php(47): require_once('C:\\laragon\\www\\ci4templatewebmobile\\public\\index.php')
CRITICAL - 2024-01-14 03:16:06 --> Undefined variable $title
in APPPATH\Views\layouts\footer.php on line 7.
 1 APPPATH\Views\layouts\footer.php(7): CodeIgniter\Debug\Exceptions->errorHandler(2, 'Undefined variable $title', 'C:\\laragon\\www\\ci4templatewebmobile\\app\\Views\\layouts\\footer.php', 7)
 2 SYSTEMPATH\View\View.php(228): include('C:\\laragon\\www\\ci4templatewebmobile\\app\\Views\\layouts\\footer.php')
 3 SYSTEMPATH\View\View.php(231): CodeIgniter\View\View->CodeIgniter\View\{closure}()
 4 SYSTEMPATH\View\View.php(469): CodeIgniter\View\View->render('layouts/footer', null, true)
 5 APPPATH\Views\accounts\account.php(110): CodeIgniter\View\View->include('layouts/footer')
 6 SYSTEMPATH\View\View.php(228): include('C:\\laragon\\www\\ci4templatewebmobile\\app\\Views\\accounts\\account.php')
 7 SYSTEMPATH\View\View.php(231): CodeIgniter\View\View->CodeIgniter\View\{closure}()
 8 SYSTEMPATH\Common.php(1190): CodeIgniter\View\View->render('accounts/account', [], true)
 9 APPPATH\Controllers\Home.php(17): view('accounts/account')
10 SYSTEMPATH\CodeIgniter.php(942): App\Controllers\Home->account()
11 SYSTEMPATH\CodeIgniter.php(502): CodeIgniter\CodeIgniter->runController(Object(App\Controllers\Home))
12 SYSTEMPATH\CodeIgniter.php(361): CodeIgniter\CodeIgniter->handleRequest(null, Object(Config\Cache), false)
13 FCPATH\index.php(79): CodeIgniter\CodeIgniter->run()
14 SYSTEMPATH\Commands\Server\rewrite.php(47): require_once('C:\\laragon\\www\\ci4templatewebmobile\\public\\index.php')
CRITICAL - 2024-01-14 03:18:38 --> Undefined variable $user
in APPPATH\Views\accounts\profile.php on line 16.
 1 APPPATH\Views\accounts\profile.php(16): CodeIgniter\Debug\Exceptions->errorHandler(2, 'Undefined variable $user', 'C:\\laragon\\www\\ci4templatewebmobile\\app\\Views\\accounts\\profile.php', 16)
 2 SYSTEMPATH\View\View.php(228): include('C:\\laragon\\www\\ci4templatewebmobile\\app\\Views\\accounts\\profile.php')
 3 SYSTEMPATH\View\View.php(231): CodeIgniter\View\View->CodeIgniter\View\{closure}()
 4 SYSTEMPATH\Common.php(1190): CodeIgniter\View\View->render('accounts/profile', [], true)
 5 APPPATH\Controllers\Home.php(28): view('accounts/profile', [...])
 6 SYSTEMPATH\CodeIgniter.php(942): App\Controllers\Home->profile()
 7 SYSTEMPATH\CodeIgniter.php(502): CodeIgniter\CodeIgniter->runController(Object(App\Controllers\Home))
 8 SYSTEMPATH\CodeIgniter.php(361): CodeIgniter\CodeIgniter->handleRequest(null, Object(Config\Cache), false)
 9 FCPATH\index.php(79): CodeIgniter\CodeIgniter->run()
10 SYSTEMPATH\Commands\Server\rewrite.php(47): require_once('C:\\laragon\\www\\ci4templatewebmobile\\public\\index.php')
