CRITICAL - 2024-07-19 13:37:49 --> syntax error, unexpected variable "$routes"
in APPPATH\Config\Routes.php on line 20.
 1 SYSTEMPATH\CodeIgniter.php(810): CodeIgniter\Router\RouteCollection->loadRoutes()
 2 SYSTEMPATH\CodeIgniter.php(450): CodeIgniter\CodeIgniter->tryToRouteIt(null)
 3 SYSTEMPATH\CodeIgniter.php(361): CodeIgniter\CodeIgniter->handleRequest(null, Object(Config\Cache), false)
 4 FCPATH\index.php(79): CodeIgniter\CodeIgniter->run()
 5 SYSTEMPATH\Commands\Server\rewrite.php(47): require_once('F:\\laragon\\www\\Template_MobileWeb_CI4\\public\\index.php')
CRITICAL - 2024-07-19 13:37:51 --> syntax error, unexpected variable "$routes"
in APPPATH\Config\Routes.php on line 20.
 1 SYSTEMPATH\CodeIgniter.php(810): CodeIgniter\Router\RouteCollection->loadRoutes()
 2 SYSTEMPATH\CodeIgniter.php(450): CodeIgniter\CodeIgniter->tryToRouteIt(null)
 3 SYSTEMPATH\CodeIgniter.php(361): CodeIgniter\CodeIgniter->handleRequest(null, Object(Config\Cache), false)
 4 FCPATH\index.php(79): CodeIgniter\CodeIgniter->run()
 5 SYSTEMPATH\Commands\Server\rewrite.php(47): require_once('F:\\laragon\\www\\Template_MobileWeb_CI4\\public\\index.php')
CRITICAL - 2024-07-19 14:22:20 --> Invalid file: "auth/buat_password.php"
in SYSTEMPATH\Exceptions\FrameworkException.php on line 39.
 1 SYSTEMPATH\View\View.php(216): CodeIgniter\Exceptions\FrameworkException::forInvalidFile('auth/buat_password.php')
 2 SYSTEMPATH\Common.php(1190): CodeIgniter\View\View->render('auth/buat_password', [], true)
 3 APPPATH\Config\Routes.php(23): view('auth/buat_password', [...])
 4 SYSTEMPATH\CodeIgniter.php(891): CodeIgniter\Router\RouteCollection->{closure}()
 5 SYSTEMPATH\CodeIgniter.php(489): CodeIgniter\CodeIgniter->startController()
 6 SYSTEMPATH\CodeIgniter.php(361): CodeIgniter\CodeIgniter->handleRequest(null, Object(Config\Cache), false)
 7 FCPATH\index.php(79): CodeIgniter\CodeIgniter->run()
 8 SYSTEMPATH\Commands\Server\rewrite.php(47): require_once('F:\\laragon\\www\\Template_MobileWeb_CI4\\public\\index.php')
CRITICAL - 2024-07-19 14:22:21 --> Invalid file: "auth/buat_password.php"
in SYSTEMPATH\Exceptions\FrameworkException.php on line 39.
 1 SYSTEMPATH\View\View.php(216): CodeIgniter\Exceptions\FrameworkException::forInvalidFile('auth/buat_password.php')
 2 SYSTEMPATH\Common.php(1190): CodeIgniter\View\View->render('auth/buat_password', [], true)
 3 APPPATH\Config\Routes.php(23): view('auth/buat_password', [...])
 4 SYSTEMPATH\CodeIgniter.php(891): CodeIgniter\Router\RouteCollection->{closure}()
 5 SYSTEMPATH\CodeIgniter.php(489): CodeIgniter\CodeIgniter->startController()
 6 SYSTEMPATH\CodeIgniter.php(361): CodeIgniter\CodeIgniter->handleRequest(null, Object(Config\Cache), false)
 7 FCPATH\index.php(79): CodeIgniter\CodeIgniter->run()
 8 SYSTEMPATH\Commands\Server\rewrite.php(47): require_once('F:\\laragon\\www\\Template_MobileWeb_CI4\\public\\index.php')
CRITICAL - 2024-07-19 14:22:47 --> Invalid file: "auth/buat_password.php"
in SYSTEMPATH\Exceptions\FrameworkException.php on line 39.
 1 SYSTEMPATH\View\View.php(216): CodeIgniter\Exceptions\FrameworkException::forInvalidFile('auth/buat_password.php')
 2 SYSTEMPATH\Common.php(1190): CodeIgniter\View\View->render('auth/buat_password', [], true)
 3 APPPATH\Config\Routes.php(23): view('auth/buat_password', [...])
 4 SYSTEMPATH\CodeIgniter.php(891): CodeIgniter\Router\RouteCollection->{closure}()
 5 SYSTEMPATH\CodeIgniter.php(489): CodeIgniter\CodeIgniter->startController()
 6 SYSTEMPATH\CodeIgniter.php(361): CodeIgniter\CodeIgniter->handleRequest(null, Object(Config\Cache), false)
 7 FCPATH\index.php(79): CodeIgniter\CodeIgniter->run()
 8 SYSTEMPATH\Commands\Server\rewrite.php(47): require_once('F:\\laragon\\www\\Template_MobileWeb_CI4\\public\\index.php')
CRITICAL - 2024-07-19 14:22:48 --> Invalid file: "auth/buat_password.php"
in SYSTEMPATH\Exceptions\FrameworkException.php on line 39.
 1 SYSTEMPATH\View\View.php(216): CodeIgniter\Exceptions\FrameworkException::forInvalidFile('auth/buat_password.php')
 2 SYSTEMPATH\Common.php(1190): CodeIgniter\View\View->render('auth/buat_password', [], true)
 3 APPPATH\Config\Routes.php(23): view('auth/buat_password', [...])
 4 SYSTEMPATH\CodeIgniter.php(891): CodeIgniter\Router\RouteCollection->{closure}()
 5 SYSTEMPATH\CodeIgniter.php(489): CodeIgniter\CodeIgniter->startController()
 6 SYSTEMPATH\CodeIgniter.php(361): CodeIgniter\CodeIgniter->handleRequest(null, Object(Config\Cache), false)
 7 FCPATH\index.php(79): CodeIgniter\CodeIgniter->run()
 8 SYSTEMPATH\Commands\Server\rewrite.php(47): require_once('F:\\laragon\\www\\Template_MobileWeb_CI4\\public\\index.php')
